# JRE version: OpenJDK Runtime Environment (8.0_212-b04) (build 1.8.0_212-release-1586-b04)
# Java VM: OpenJDK 64-Bit Server VM (25.212-b04 mixed mode windows-amd64 compressed oops)
Heap:
 PSYoungGen      total 77312K, used 7096K [0x00000000e0000000, 0x00000000e5700000, 0x0000000100000000)
  eden space 66048K, 10% used [0x00000000e0000000,0x00000000e06ee098,0x00000000e4080000)
  from space 11264K, 0% used [0x00000000e4080000,0x00000000e4080000,0x00000000e4b80000)
  to   space 10752K, 0% used [0x00000000e4b80000,0x00000000e4b80000,0x00000000e5600000)
 ParOldGen       total 60416K, used 17494K [0x00000000a0000000, 0x00000000a3b00000, 0x00000000e0000000)
  object space 60416K, 28% used [0x00000000a0000000,0x00000000a1115ab0,0x00000000a3b00000)
 Metaspace       used 34837K, capacity 35662K, committed 35840K, reserved 1079296K
  class space    used 4792K, capacity 5008K, committed 5120K, reserved 1048576K
GC Heap History (10 events):
Event: 7.224 GC heap before
{Heap before GC invocations=7 (full 1):
 PSYoungGen      total 76800K, used 8788K [0x00000000e0000000, 0x00000000e5700000, 0x0000000100000000)
  eden space 66048K, 0% used [0x00000000e0000000,0x00000000e0000000,0x00000000e4080000)
  from space 10752K, 81% used [0x00000000e4b80000,0x00000000e5415270,0x00000000e5600000)
  to   space 11264K, 0% used [0x00000000e4080000,0x00000000e4080000,0x00000000e4b80000)
 ParOldGen       total 87552K, used 7542K [0x00000000a0000000, 0x00000000a5580000, 0x00000000e0000000)
  object space 87552K, 8% used [0x00000000a0000000,0x00000000a075da18,0x00000000a5580000)
 Metaspace       used 20685K, capacity 21202K, committed 21296K, reserved 1067008K
  class space    used 2982K, capacity 3161K, committed 3200K, reserved 1048576K
Event: 7.292 GC heap after
Heap after GC invocations=7 (full 1):
 PSYoungGen      total 76800K, used 0K [0x00000000e0000000, 0x00000000e5700000, 0x0000000100000000)
  eden space 66048K, 0% used [0x00000000e0000000,0x00000000e0000000,0x00000000e4080000)
  from space 10752K, 0% used [0x00000000e4b80000,0x00000000e4b80000,0x00000000e5600000)
  to   space 11264K, 0% used [0x00000000e4080000,0x00000000e4080000,0x00000000e4b80000)
 ParOldGen       total 60416K, used 9488K [0x00000000a0000000, 0x00000000a3b00000, 0x00000000e0000000)
  object space 60416K, 15% used [0x00000000a0000000,0x00000000a0944280,0x00000000a3b00000)
 Metaspace       used 20685K, capacity 21202K, committed 21296K, reserved 1067008K
  class space    used 2982K, capacity 3161K, committed 3200K, reserved 1048576K
}
Event: 9.031 GC heap before
{Heap before GC invocations=8 (full 1):
 PSYoungGen      total 76800K, used 66048K [0x00000000e0000000, 0x00000000e5700000, 0x0000000100000000)
  eden space 66048K, 100% used [0x00000000e0000000,0x00000000e4080000,0x00000000e4080000)
  from space 10752K, 0% used [0x00000000e4b80000,0x00000000e4b80000,0x00000000e5600000)
  to   space 11264K, 0% used [0x00000000e4080000,0x00000000e4080000,0x00000000e4b80000)
 ParOldGen       total 60416K, used 9488K [0x00000000a0000000, 0x00000000a3b00000, 0x00000000e0000000)
  object space 60416K, 15% used [0x00000000a0000000,0x00000000a0944280,0x00000000a3b00000)
 Metaspace       used 29080K, capacity 29564K, committed 29696K, reserved 1075200K
  class space    used 3913K, capacity 4067K, committed 4096K, reserved 1048576K
Event: 9.056 GC heap after
Heap after GC invocations=8 (full 1):
 PSYoungGen      total 77312K, used 8099K [0x00000000e0000000, 0x00000000e5700000, 0x0000000100000000)
  eden space 66048K, 0% used [0x00000000e0000000,0x00000000e0000000,0x00000000e4080000)
  from space 11264K, 71% used [0x00000000e4080000,0x00000000e4868ce8,0x00000000e4b80000)
  to   space 10752K, 0% used [0x00000000e4b80000,0x00000000e4b80000,0x00000000e5600000)
 ParOldGen       total 60416K, used 9496K [0x00000000a0000000, 0x00000000a3b00000, 0x00000000e0000000)
  object space 60416K, 15% used [0x00000000a0000000,0x00000000a0946280,0x00000000a3b00000)
 Metaspace       used 29080K, capacity 29564K, committed 29696K, reserved 1075200K
  class space    used 3913K, capacity 4067K, committed 4096K, reserved 1048576K
}
Event: 10.775 GC heap before
{Heap before GC invocations=9 (full 1):
 PSYoungGen      total 77312K, used 74147K [0x00000000e0000000, 0x00000000e5700000, 0x0000000100000000)
  eden space 66048K, 100% used [0x00000000e0000000,0x00000000e4080000,0x00000000e4080000)
  from space 11264K, 71% used [0x00000000e4080000,0x00000000e4868ce8,0x00000000e4b80000)
  to   space 10752K, 0% used [0x00000000e4b80000,0x00000000e4b80000,0x00000000e5600000)
 ParOldGen       total 60416K, used 9496K [0x00000000a0000000, 0x00000000a3b00000, 0x00000000e0000000)
  object space 60416K, 15% used [0x00000000a0000000,0x00000000a0946280,0x00000000a3b00000)
 Metaspace       used 32164K, capacity 32756K, committed 33152K, reserved 1077248K
  class space    used 4413K, capacity 4619K, committed 4736K, reserved 1048576K
Event: 10.796 GC heap after
Heap after GC invocations=9 (full 1):
 PSYoungGen      total 76800K, used 8474K [0x00000000e0000000, 0x00000000e5700000, 0x0000000100000000)
  eden space 66048K, 0% used [0x00000000e0000000,0x00000000e0000000,0x00000000e4080000)
  from space 10752K, 78% used [0x00000000e4b80000,0x00000000e53c6958,0x00000000e5600000)
  to   space 11264K, 0% used [0x00000000e4080000,0x00000000e4080000,0x00000000e4b80000)
 ParOldGen       total 60416K, used 9504K [0x00000000a0000000, 0x00000000a3b00000, 0x00000000e0000000)
  object space 60416K, 15% used [0x00000000a0000000,0x00000000a0948280,0x00000000a3b00000)
 Metaspace       used 32164K, capacity 32756K, committed 33152K, reserved 1077248K
  class space    used 4413K, capacity 4619K, committed 4736K, reserved 1048576K
}
Event: 12.814 GC heap before
{Heap before GC invocations=10 (full 1):
 PSYoungGen      total 76800K, used 63769K [0x00000000e0000000, 0x00000000e5700000, 0x0000000100000000)
  eden space 66048K, 83% used [0x00000000e0000000,0x00000000e35ffdd8,0x00000000e4080000)
  from space 10752K, 78% used [0x00000000e4b80000,0x00000000e53c6958,0x00000000e5600000)
  to   space 11264K, 0% used [0x00000000e4080000,0x00000000e4080000,0x00000000e4b80000)
 ParOldGen       total 60416K, used 9504K [0x00000000a0000000, 0x00000000a3b00000, 0x00000000e0000000)
  object space 60416K, 15% used [0x00000000a0000000,0x00000000a0948280,0x00000000a3b00000)
 Metaspace       used 34562K, capacity 35368K, committed 35456K, reserved 1079296K
  class space    used 4739K, capacity 4959K, committed 4992K, reserved 1048576K
Event: 12.841 GC heap after
Heap after GC invocations=10 (full 1):
 PSYoungGen      total 77312K, used 10577K [0x00000000e0000000, 0x00000000e5700000, 0x0000000100000000)
  eden space 66048K, 0% used [0x00000000e0000000,0x00000000e0000000,0x00000000e4080000)
  from space 11264K, 93% used [0x00000000e4080000,0x00000000e4ad44a8,0x00000000e4b80000)
  to   space 10752K, 0% used [0x00000000e4b80000,0x00000000e4b80000,0x00000000e5600000)
 ParOldGen       total 60416K, used 9512K [0x00000000a0000000, 0x00000000a3b00000, 0x00000000e0000000)
  object space 60416K, 15% used [0x00000000a0000000,0x00000000a094a280,0x00000000a3b00000)
 Metaspace       used 34562K, capacity 35368K, committed 35456K, reserved 1079296K
  class space    used 4739K, capacity 4959K, committed 4992K, reserved 1048576K
}
Event: 12.841 GC heap before
{Heap before GC invocations=11 (full 2):
 PSYoungGen      total 77312K, used 10577K [0x00000000e0000000, 0x00000000e5700000, 0x0000000100000000)
  eden space 66048K, 0% used [0x00000000e0000000,0x00000000e0000000,0x00000000e4080000)
  from space 11264K, 93% used [0x00000000e4080000,0x00000000e4ad44a8,0x00000000e4b80000)
  to   space 10752K, 0% used [0x00000000e4b80000,0x00000000e4b80000,0x00000000e5600000)
 ParOldGen       total 60416K, used 9512K [0x00000000a0000000, 0x00000000a3b00000, 0x00000000e0000000)
  object space 60416K, 15% used [0x00000000a0000000,0x00000000a094a280,0x00000000a3b00000)
 Metaspace       used 34562K, capacity 35368K, committed 35456K, reserved 1079296K
  class space    used 4739K, capacity 4959K, committed 4992K, reserved 1048576K
Event: 12.984 GC heap after
Heap after GC invocations=11 (full 2):
 PSYoungGen      total 77312K, used 0K [0x00000000e0000000, 0x00000000e5700000, 0x0000000100000000)
  eden space 66048K, 0% used [0x00000000e0000000,0x00000000e0000000,0x00000000e4080000)
  from space 11264K, 0% used [0x00000000e4080000,0x00000000e4080000,0x00000000e4b80000)
  to   space 10752K, 0% used [0x00000000e4b80000,0x00000000e4b80000,0x00000000e5600000)
 ParOldGen       total 60416K, used 17494K [0x00000000a0000000, 0x00000000a3b00000, 0x00000000e0000000)
  object space 60416K, 28% used [0x00000000a0000000,0x00000000a1115ab0,0x00000000a3b00000)
 Metaspace       used 34554K, capacity 35344K, committed 35456K, reserved 1079296K
  class space    used 4737K, capacity 4955K, committed 4992K, reserved 1048576K
}

