# JRE version: OpenJDK Runtime Environment (8.0_212-b04) (build 1.8.0_212-release-1586-b04)
# Java VM: OpenJDK 64-Bit Server VM (25.212-b04 mixed mode windows-amd64 compressed oops)
Heap:
 PSYoungGen      total 77312K, used 55067K [0x00000000e0000000, 0x00000000e8080000, 0x0000000100000000)
  eden space 66048K, 70% used [0x00000000e0000000,0x00000000e2dc9f98,0x00000000e4080000)
  from space 11264K, 72% used [0x00000000e4080000,0x00000000e487cf08,0x00000000e4b80000)
  to   space 11776K, 0% used [0x00000000e7500000,0x00000000e7500000,0x00000000e8080000)
 ParOldGen       total 59392K, used 9498K [0x00000000a0000000, 0x00000000a3a00000, 0x00000000e0000000)
  object space 59392K, 15% used [0x00000000a0000000,0x00000000a09469e8,0x00000000a3a00000)
 Metaspace       used 31279K, capacity 31844K, committed 32256K, reserved 1077248K
  class space    used 4265K, capacity 4491K, committed 4608K, reserved 1048576K
GC Heap History (10 events):
Event: 4.948 GC heap before
{Heap before GC invocations=4 (full 0):
 PSYoungGen      total 38400K, used 38400K [0x00000000e0000000, 0x00000000e2a80000, 0x0000000100000000)
  eden space 33280K, 100% used [0x00000000e0000000,0x00000000e2080000,0x00000000e2080000)
  from space 5120K, 100% used [0x00000000e2080000,0x00000000e2580000,0x00000000e2580000)
  to   space 5120K, 0% used [0x00000000e2580000,0x00000000e2580000,0x00000000e2a80000)
 ParOldGen       total 87552K, used 1524K [0x00000000a0000000, 0x00000000a5580000, 0x00000000e0000000)
  object space 87552K, 1% used [0x00000000a0000000,0x00000000a017d3e8,0x00000000a5580000)
 Metaspace       used 14674K, capacity 15062K, committed 15360K, reserved 1062912K
  class space    used 2059K, capacity 2193K, committed 2304K, reserved 1048576K
Event: 4.962 GC heap after
Heap after GC invocations=4 (full 0):
 PSYoungGen      total 38400K, used 5111K [0x00000000e0000000, 0x00000000e4b00000, 0x0000000100000000)
  eden space 33280K, 0% used [0x00000000e0000000,0x00000000e0000000,0x00000000e2080000)
  from space 5120K, 99% used [0x00000000e2580000,0x00000000e2a7dcf0,0x00000000e2a80000)
  to   space 5120K, 0% used [0x00000000e2080000,0x00000000e2080000,0x00000000e2580000)
 ParOldGen       total 87552K, used 3854K [0x00000000a0000000, 0x00000000a5580000, 0x00000000e0000000)
  object space 87552K, 4% used [0x00000000a0000000,0x00000000a03c3828,0x00000000a5580000)
 Metaspace       used 14674K, capacity 15062K, committed 15360K, reserved 1062912K
  class space    used 2059K, capacity 2193K, committed 2304K, reserved 1048576K
}
Event: 6.219 GC heap before
{Heap before GC invocations=5 (full 0):
 PSYoungGen      total 38400K, used 38391K [0x00000000e0000000, 0x00000000e4b00000, 0x0000000100000000)
  eden space 33280K, 100% used [0x00000000e0000000,0x00000000e2080000,0x00000000e2080000)
  from space 5120K, 99% used [0x00000000e2580000,0x00000000e2a7dcf0,0x00000000e2a80000)
  to   space 5120K, 0% used [0x00000000e2080000,0x00000000e2080000,0x00000000e2580000)
 ParOldGen       total 87552K, used 3854K [0x00000000a0000000, 0x00000000a5580000, 0x00000000e0000000)
  object space 87552K, 4% used [0x00000000a0000000,0x00000000a03c3828,0x00000000a5580000)
 Metaspace       used 17748K, capacity 18144K, committed 18432K, reserved 1064960K
  class space    used 2546K, capacity 2692K, committed 2816K, reserved 1048576K
Event: 6.236 GC heap after
Heap after GC invocations=5 (full 0):
 PSYoungGen      total 38400K, used 5088K [0x00000000e0000000, 0x00000000e5600000, 0x0000000100000000)
  eden space 33280K, 0% used [0x00000000e0000000,0x00000000e0000000,0x00000000e2080000)
  from space 5120K, 99% used [0x00000000e2080000,0x00000000e2578020,0x00000000e2580000)
  to   space 10752K, 0% used [0x00000000e4b80000,0x00000000e4b80000,0x00000000e5600000)
 ParOldGen       total 87552K, used 7521K [0x00000000a0000000, 0x00000000a5580000, 0x00000000e0000000)
  object space 87552K, 8% used [0x00000000a0000000,0x00000000a07585c0,0x00000000a5580000)
 Metaspace       used 17748K, capacity 18144K, committed 18432K, reserved 1064960K
  class space    used 2546K, capacity 2692K, committed 2816K, reserved 1048576K
}
Event: 6.897 GC heap before
{Heap before GC invocations=6 (full 0):
 PSYoungGen      total 38400K, used 32155K [0x00000000e0000000, 0x00000000e5600000, 0x0000000100000000)
  eden space 33280K, 81% used [0x00000000e0000000,0x00000000e1a6ed50,0x00000000e2080000)
  from space 5120K, 99% used [0x00000000e2080000,0x00000000e2578020,0x00000000e2580000)
  to   space 10752K, 0% used [0x00000000e4b80000,0x00000000e4b80000,0x00000000e5600000)
 ParOldGen       total 87552K, used 7521K [0x00000000a0000000, 0x00000000a5580000, 0x00000000e0000000)
  object space 87552K, 8% used [0x00000000a0000000,0x00000000a07585c0,0x00000000a5580000)
 Metaspace       used 20683K, capacity 21186K, committed 21296K, reserved 1067008K
  class space    used 2983K, capacity 3161K, committed 3200K, reserved 1048576K
Event: 6.915 GC heap after
Heap after GC invocations=6 (full 0):
 PSYoungGen      total 76800K, used 8794K [0x00000000e0000000, 0x00000000e5700000, 0x0000000100000000)
  eden space 66048K, 0% used [0x00000000e0000000,0x00000000e0000000,0x00000000e4080000)
  from space 10752K, 81% used [0x00000000e4b80000,0x00000000e54169c0,0x00000000e5600000)
  to   space 11264K, 0% used [0x00000000e4080000,0x00000000e4080000,0x00000000e4b80000)
 ParOldGen       total 87552K, used 7529K [0x00000000a0000000, 0x00000000a5580000, 0x00000000e0000000)
  object space 87552K, 8% used [0x00000000a0000000,0x00000000a075a5c0,0x00000000a5580000)
 Metaspace       used 20683K, capacity 21186K, committed 21296K, reserved 1067008K
  class space    used 2983K, capacity 3161K, committed 3200K, reserved 1048576K
}
Event: 6.915 GC heap before
{Heap before GC invocations=7 (full 1):
 PSYoungGen      total 76800K, used 8794K [0x00000000e0000000, 0x00000000e5700000, 0x0000000100000000)
  eden space 66048K, 0% used [0x00000000e0000000,0x00000000e0000000,0x00000000e4080000)
  from space 10752K, 81% used [0x00000000e4b80000,0x00000000e54169c0,0x00000000e5600000)
  to   space 11264K, 0% used [0x00000000e4080000,0x00000000e4080000,0x00000000e4b80000)
 ParOldGen       total 87552K, used 7529K [0x00000000a0000000, 0x00000000a5580000, 0x00000000e0000000)
  object space 87552K, 8% used [0x00000000a0000000,0x00000000a075a5c0,0x00000000a5580000)
 Metaspace       used 20683K, capacity 21186K, committed 21296K, reserved 1067008K
  class space    used 2983K, capacity 3161K, committed 3200K, reserved 1048576K
Event: 6.979 GC heap after
Heap after GC invocations=7 (full 1):
 PSYoungGen      total 76800K, used 0K [0x00000000e0000000, 0x00000000e5700000, 0x0000000100000000)
  eden space 66048K, 0% used [0x00000000e0000000,0x00000000e0000000,0x00000000e4080000)
  from space 10752K, 0% used [0x00000000e4b80000,0x00000000e4b80000,0x00000000e5600000)
  to   space 11264K, 0% used [0x00000000e4080000,0x00000000e4080000,0x00000000e4b80000)
 ParOldGen       total 59392K, used 9490K [0x00000000a0000000, 0x00000000a3a00000, 0x00000000e0000000)
  object space 59392K, 15% used [0x00000000a0000000,0x00000000a09449e8,0x00000000a3a00000)
 Metaspace       used 20683K, capacity 21186K, committed 21296K, reserved 1067008K
  class space    used 2983K, capacity 3161K, committed 3200K, reserved 1048576K
}
Event: 8.670 GC heap before
{Heap before GC invocations=8 (full 1):
 PSYoungGen      total 76800K, used 66048K [0x00000000e0000000, 0x00000000e5700000, 0x0000000100000000)
  eden space 66048K, 100% used [0x00000000e0000000,0x00000000e4080000,0x00000000e4080000)
  from space 10752K, 0% used [0x00000000e4b80000,0x00000000e4b80000,0x00000000e5600000)
  to   space 11264K, 0% used [0x00000000e4080000,0x00000000e4080000,0x00000000e4b80000)
 ParOldGen       total 59392K, used 9490K [0x00000000a0000000, 0x00000000a3a00000, 0x00000000e0000000)
  object space 59392K, 15% used [0x00000000a0000000,0x00000000a09449e8,0x00000000a3a00000)
 Metaspace       used 29083K, capacity 29580K, committed 29824K, reserved 1075200K
  class space    used 3914K, capacity 4099K, committed 4224K, reserved 1048576K
Event: 8.697 GC heap after
Heap after GC invocations=8 (full 1):
 PSYoungGen      total 77312K, used 8179K [0x00000000e0000000, 0x00000000e8080000, 0x0000000100000000)
  eden space 66048K, 0% used [0x00000000e0000000,0x00000000e0000000,0x00000000e4080000)
  from space 11264K, 72% used [0x00000000e4080000,0x00000000e487cf08,0x00000000e4b80000)
  to   space 11776K, 0% used [0x00000000e7500000,0x00000000e7500000,0x00000000e8080000)
 ParOldGen       total 59392K, used 9498K [0x00000000a0000000, 0x00000000a3a00000, 0x00000000e0000000)
  object space 59392K, 15% used [0x00000000a0000000,0x00000000a09469e8,0x00000000a3a00000)
 Metaspace       used 29083K, capacity 29580K, committed 29824K, reserved 1075200K
  class space    used 3914K, capacity 4099K, committed 4224K, reserved 1048576K
}

